<?xml version="1.0" encoding="UTF-8"?>
<!-- Generated by org.testng.reporters.JUnitReportReporter -->
<testsuite hostname="LAPTOP-TPIUMT2C" failures="0" tests="1" name="Batch2.class6" time="15.191" errors="0" timestamp="2024-02-28T13:06:58 IST" skipped="0">
  <testcase classname="Batch2.class6" name="dws" time="15.191">
    <system-out>
      <![CDATA[I am in dws]]>
    </system-out>
  </testcase> <!-- dws -->
  <system-out>
    <![CDATA[I am in Reebok
I am in nike
I am in amz
I am in dws
I am in cobb
I am in flipkart
I am in ajio
I am in myntra
I am in addidas
I am in puma]]>
  </system-out>
</testsuite> <!-- Batch2.class6 -->
