<?xml version="1.0" encoding="UTF-8"?>
<!-- Generated by org.testng.reporters.JUnitReportReporter -->
<testsuite hostname="LAPTOP-TPIUMT2C" failures="0" tests="1" name="Pom.ExecuteDwsHomepage" time="10.265" errors="0" timestamp="2024-03-01T14:48:48 IST" skipped="0">
  <testcase classname="Pom.ExecuteDwsHomepage" name="simple" time="10.265"/>
</testsuite> <!-- Pom.ExecuteDwsHomepage -->
