<?xml version="1.0" encoding="UTF-8"?>
<!-- Generated by org.testng.reporters.JUnitReportReporter -->
<testsuite hostname="LAPTOP-TPIUMT2C" failures="0" tests="1" name="Batch1.class3" time="20.194" errors="0" timestamp="2024-02-28T13:06:58 IST" skipped="0">
  <testcase classname="Batch1.class3" name="myntra" time="20.194">
    <system-out>
      <![CDATA[I am in myntra]]>
    </system-out>
  </testcase> <!-- myntra -->
  <system-out>
    <![CDATA[I am in Reebok
I am in nike
I am in amz
I am in dws
I am in cobb
I am in flipkart
I am in ajio
I am in myntra
I am in addidas
I am in puma]]>
  </system-out>
</testsuite> <!-- Batch1.class3 -->
