<?xml version="1.0" encoding="UTF-8"?>
<!-- Generated by org.testng.reporters.JUnitReportReporter -->
<testsuite hostname="LAPTOP-TPIUMT2C" failures="0" tests="1" name="Assertions.Oracletask" time="6.582" errors="0" timestamp="2024-03-05T12:57:26 IST" skipped="0">
  <testcase classname="Assertions.Oracletask" name="oracle" time="6.582"/>
</testsuite> <!-- Assertions.Oracletask -->
