<?xml version="1.0" encoding="UTF-8"?>
<!-- Generated by org.testng.reporters.JUnitReportReporter -->
<testsuite hostname="LAPTOP-TPIUMT2C" failures="0" tests="1" name="Batch1.class4" time="10.861" errors="0" timestamp="2024-02-28T14:24:21 IST" skipped="0">
  <testcase classname="Batch1.class4" name="nike" time="10.861">
    <system-out>
      <![CDATA[I am in nike]]>
    </system-out>
  </testcase> <!-- nike -->
  <system-out>
    <![CDATA[I am in amz
I am in nike]]>
  </system-out>
</testsuite> <!-- Batch1.class4 -->
