<?xml version="1.0" encoding="UTF-8"?>
<!-- Generated by org.testng.reporters.JUnitReportReporter -->
<testsuite hostname="LAPTOP-TPIUMT2C" failures="0" tests="1" name="Assertions.HardTest" time="14.278" errors="0" timestamp="2024-03-05T11:47:00 IST" skipped="0">
  <testcase classname="Assertions.HardTest" name="dws" time="14.278"/>
</testsuite> <!-- Assertions.HardTest -->
