<?xml version="1.0" encoding="UTF-8"?>
<!-- Generated by org.testng.reporters.JUnitReportReporter -->
<testsuite hostname="LAPTOP-TPIUMT2C" failures="0" tests="4" name="Basics.Priority" time="35.817" errors="0" timestamp="2024-02-28T11:14:33 IST" skipped="0">
  <testcase classname="Basics.Priority" name="dws" time="10.360">
    <system-out>
      <![CDATA[Iam from Dws]]>
    </system-out>
  </testcase> <!-- dws -->
  <testcase classname="Basics.Priority" name="nike" time="9.518">
    <system-out>
      <![CDATA[Iam from nike]]>
    </system-out>
  </testcase> <!-- nike -->
  <testcase classname="Basics.Priority" name="csk" time="10.952">
    <system-out>
      <![CDATA[Iam from csk]]>
    </system-out>
  </testcase> <!-- csk -->
  <testcase classname="Basics.Priority" name="Rcb" time="4.987">
    <system-out>
      <![CDATA[Iam from Rcb]]>
    </system-out>
  </testcase> <!-- Rcb -->
  <system-out>
    <![CDATA[Iam from Dws
Iam from nike
Iam from csk
Iam from Rcb]]>
  </system-out>
</testsuite> <!-- Basics.Priority -->
