<?xml version="1.0" encoding="UTF-8"?>
<!-- Generated by org.testng.reporters.JUnitReportReporter -->
<testsuite hostname="LAPTOP-TPIUMT2C" failures="0" tests="1" name="Assertions.SoftAssert" time="66.464" errors="0" timestamp="2024-03-05T12:21:46 IST" skipped="0">
  <testcase classname="Assertions.SoftAssert" name="dws" time="66.464"/>
</testsuite> <!-- Assertions.SoftAssert -->
