<?xml version="1.0" encoding="UTF-8"?>
<!-- Generated by org.testng.reporters.JUnitReportReporter -->
<testsuite hostname="LAPTOP-TPIUMT2C" failures="0" tests="1" name="DataProvider.FetchDataDynamic" time="1.018" errors="0" timestamp="2024-03-01T12:05:45 IST" skipped="0">
  <testcase classname="DataProvider.FetchDataDynamic" name="basic" time="1.018"/>
</testsuite> <!-- DataProvider.FetchDataDynamic -->
