<?xml version="1.0" encoding="UTF-8"?>
<!-- Generated by org.testng.reporters.JUnitReportReporter -->
<testsuite hostname="LAPTOP-TPIUMT2C" failures="0" tests="2" name="SkipMessage.skipmessage" time="1.022" errors="1" timestamp="2024-03-04T11:51:41 IST" skipped="1">
  <testcase classname="SkipMessage.skipmessage" name="DWS" time="0.000">
    <skipped/>
  </testcase> <!-- DWS -->
  <testcase classname="SkipMessage.skipmessage" name="redbus" time="1.022">
    <error message="Method SkipMessage.skipmessage.redbus() didn&#039;t finish within the time-out 1000" type="org.testng.internal.thread.ThreadTimeoutException">
      <![CDATA[org.testng.internal.thread.ThreadTimeoutException: Method SkipMessage.skipmessage.redbus() didn't finish within the time-out 1000
at java.base@17.0.7/java.lang.ClassLoader.defineClass1(Native Method)
at java.base@17.0.7/java.lang.ClassLoader.defineClass(ClassLoader.java:1012)
at java.base@17.0.7/java.security.SecureClassLoader.defineClass(SecureClassLoader.java:150)
at java.base@17.0.7/jdk.internal.loader.BuiltinClassLoader.defineClass(BuiltinClassLoader.java:862)
at java.base@17.0.7/jdk.internal.loader.BuiltinClassLoader.findClassOnClassPathOrNull(BuiltinClassLoader.java:760)
at java.base@17.0.7/jdk.internal.loader.BuiltinClassLoader.loadClassOrNull(BuiltinClassLoader.java:681)
at java.base@17.0.7/jdk.internal.loader.BuiltinClassLoader.loadClass(BuiltinClassLoader.java:639)
at java.base@17.0.7/jdk.internal.loader.ClassLoaders$AppClassLoader.loadClass(ClassLoaders.java:188)
at java.base@17.0.7/java.lang.ClassLoader.loadClass(ClassLoader.java:520)
at app//org.asynchttpclient.DefaultAsyncHttpClientConfig$Builder.<init>(DefaultAsyncHttpClientConfig.java:701)
at app//org.openqa.selenium.remote.http.netty.NettyClient.createHttpClient(NettyClient.java:74)
at app//org.openqa.selenium.remote.http.netty.NettyClient.<clinit>(NettyClient.java:43)
at app//org.openqa.selenium.remote.http.netty.NettyClient$Factory.createClient(NettyClient.java:124)
at app//org.openqa.selenium.remote.HttpCommandExecutor.<init>(HttpCommandExecutor.java:115)
at app//org.openqa.selenium.remote.HttpCommandExecutor.<init>(HttpCommandExecutor.java:92)
at app//org.openqa.selenium.remote.service.DriverCommandExecutor.<init>(DriverCommandExecutor.java:89)
at app//org.openqa.selenium.chromium.ChromiumDriverCommandExecutor.<init>(ChromiumDriverCommandExecutor.java:43)
at app//org.openqa.selenium.chrome.ChromeDriver$ChromeDriverCommandExecutor.<init>(ChromeDriver.java:115)
at app//org.openqa.selenium.chrome.ChromeDriver.generateExecutor(ChromeDriver.java:105)
at app//org.openqa.selenium.chrome.ChromeDriver.<init>(ChromeDriver.java:88)
at app//org.openqa.selenium.chrome.ChromeDriver.<init>(ChromeDriver.java:83)
at app//org.openqa.selenium.chrome.ChromeDriver.<init>(ChromeDriver.java:51)
at app//SkipMessage.skipmessage.redbus(skipmessage.java:12)
at java.base@17.0.7/jdk.internal.reflect.NativeMethodAccessorImpl.invoke0(Native Method)
at java.base@17.0.7/jdk.internal.reflect.NativeMethodAccessorImpl.invoke(NativeMethodAccessorImpl.java:77)
at java.base@17.0.7/jdk.internal.reflect.DelegatingMethodAccessorImpl.invoke(DelegatingMethodAccessorImpl.java:43)
at java.base@17.0.7/java.lang.reflect.Method.invoke(Method.java:568)
at app//org.testng.internal.invokers.MethodInvocationHelper.invokeMethod(MethodInvocationHelper.java:139)
at app//org.testng.internal.invokers.InvokeMethodRunnable.runOne(InvokeMethodRunnable.java:47)
at app//org.testng.internal.invokers.InvokeMethodRunnable.call(InvokeMethodRunnable.java:76)
at app//org.testng.internal.invokers.InvokeMethodRunnable.call(InvokeMethodRunnable.java:11)
at java.base@17.0.7/java.util.concurrent.FutureTask.run(FutureTask.java:264)
at java.base@17.0.7/java.util.concurrent.ThreadPoolExecutor.runWorker(ThreadPoolExecutor.java:1136)
at java.base@17.0.7/java.util.concurrent.ThreadPoolExecutor$Worker.run(ThreadPoolExecutor.java:635)
at java.base@17.0.7/java.lang.Thread.run(Thread.java:833)
]]>
    </error>
  </testcase> <!-- redbus -->
</testsuite> <!-- SkipMessage.skipmessage -->
