<?xml version="1.0" encoding="UTF-8"?>
<!-- Generated by org.testng.reporters.JUnitReportReporter -->
<testsuite hostname="LAPTOP-TPIUMT2C" failures="0" tests="1" name="Basics.chronological_Oder" time="5.501" errors="0" timestamp="2024-02-29T13:06:52 IST" skipped="0">
  <testcase classname="Basics.chronological_Oder" name="addtocart" time="5.501"/>
</testsuite> <!-- Basics.chronological_Oder -->
